<?xml version="1.0" encoding="UTF-8"?>
<!-- Generated by org.testng.reporters.JUnitXMLReporter -->
<testsuite hostname="Akhileshs-MacBook-Pro.local" ignored="0" name="Test" tests="4" failures="1" timestamp="2021-04-25T11:44:22 IST" time="0.05" errors="0">
  <testcase name="TC03_FacebookPost" time="0.007" classname="TestNGDemo.FacebookHomeTestCases">
    <failure type="java.lang.AssertionError" message="expected [Post successful] but found [Posts successful]">
      <![CDATA[java.lang.AssertionError: expected [Post successful] but found [Posts successful]
at TestNGDemo.FacebookHomeTestCases.TC03_FacebookPost(FacebookHomeTestCases.java:15)
at java.util.ArrayList.forEach(ArrayList.java:1259)
... Removed 33 stack frames]]>
    </failure>
  </testcase> <!-- TC03_FacebookPost -->
  <testcase name="TC01_LoginFacebookTest" time="0.001" classname="TestNGDemo.FacebookLoginTestCases"/>
  <testcase name="TC02_UploadFotoInFacebookTest" time="0.001" classname="TestNGDemo.FacebookLoginTestCases"/>
  <testcase name="TC03_CommentFacebookTest" time="0.001" classname="TestNGDemo.FacebookLoginTestCases"/>
</testsuite> <!-- Test -->
